=== GradeRise Startup Debug Log ===
Timestamp: Sat Nov 15 15:58:52 EST 2025
Java Version: 25.0.1
Working Directory: C:\Users\malik\OneDrive\Desktop\GPAManagerApp
Classpath: .;libs/commons-logging-1.2.jar;libs/google-api-client-1.34.1.jar;libs/google-api-services-oauth2-v2-rev157-1.25.0.jar;libs/google-http-client-1.43.3.jar;libs/google-http-client-gson-1.43.3.jar;libs/google-http-client-jackson2-1.43.3.jar;libs/google-oauth-client-1.34.1.jar;libs/google-oauth-client-java6-1.34.1.jar;libs/google-oauth-client-jetty-1.34.1.jar;libs/grpc-api-1.60.0.jar;libs/grpc-context-1.60.0.jar;libs/grpc-core-1.60.0.jar;libs/grpc-protobuf-1.60.0.jar;libs/grpc-stub-1.60.0.jar;libs/gson-2.10.1.jar;libs/guava-32.1.2-jre.jar;libs/jackson-core-2.17.2.jar;libs/jakarta.activation-2.0.1.jar;libs/jakarta.mail-2.0.1.jar;libs/jbcrypt-0.4.jar;libs/opencensus-api-0.28.0.jar;libs/opencensus-contrib-http-util-0.28.0.jar;libs/slf4j-api-2.0.9.jar;libs/slf4j-simple-2.0.9.jar;libs/sqlite-jdbc-3.44.1.0.jar
✓ System Look and Feel set successfully
✓ System properties set
✓ Gson library test successful
✓ Data directory ensured
✓ Using JSON file system for data storage
✓ Users loaded
✓ User data loaded
✓ Password reset store initialized
✓ Modern theme system initialized
✓ Launching login UI
✓ Application startup completed successfully
=== GradeRise Startup Debug Log ===
Timestamp: Sat Nov 15 16:55:26 EST 2025
Java Version: 25.0.1
Working Directory: C:\Users\malik\OneDrive\Desktop\GPAManagerApp
Classpath: .;libs/commons-logging-1.2.jar;libs/google-api-client-1.34.1.jar;libs/google-api-services-oauth2-v2-rev157-1.25.0.jar;libs/google-http-client-1.43.3.jar;libs/google-http-client-gson-1.43.3.jar;libs/google-http-client-jackson2-1.43.3.jar;libs/google-oauth-client-1.34.1.jar;libs/google-oauth-client-java6-1.34.1.jar;libs/google-oauth-client-jetty-1.34.1.jar;libs/grpc-api-1.60.0.jar;libs/grpc-context-1.60.0.jar;libs/grpc-core-1.60.0.jar;libs/grpc-protobuf-1.60.0.jar;libs/grpc-stub-1.60.0.jar;libs/gson-2.10.1.jar;libs/guava-32.1.2-jre.jar;libs/jackson-core-2.17.2.jar;libs/jakarta.activation-2.0.1.jar;libs/jakarta.mail-2.0.1.jar;libs/jbcrypt-0.4.jar;libs/opencensus-api-0.28.0.jar;libs/opencensus-contrib-http-util-0.28.0.jar;libs/slf4j-api-2.0.9.jar;libs/slf4j-simple-2.0.9.jar;libs/sqlite-jdbc-3.44.1.0.jar
✓ System Look and Feel set successfully
✓ System properties set
✓ Gson library test successful
✓ Data directory ensured
✓ Using JSON file system for data storage
✓ Users loaded
✓ User data loaded
✓ Password reset store initialized
✓ Modern theme system initialized
✓ Launching dashboard for saved user: malik.g.jones0415
✓ Application startup completed successfully
=== GradeRise Startup Debug Log ===
Timestamp: Sat Nov 15 17:30:15 EST 2025
Java Version: 25.0.1
Working Directory: C:\Users\malik\OneDrive\Desktop\GPAManagerApp
Classpath: .;libs/commons-logging-1.2.jar;libs/google-api-client-1.34.1.jar;libs/google-api-services-oauth2-v2-rev157-1.25.0.jar;libs/google-http-client-1.43.3.jar;libs/google-http-client-gson-1.43.3.jar;libs/google-http-client-jackson2-1.43.3.jar;libs/google-oauth-client-1.34.1.jar;libs/google-oauth-client-java6-1.34.1.jar;libs/google-oauth-client-jetty-1.34.1.jar;libs/grpc-api-1.60.0.jar;libs/grpc-context-1.60.0.jar;libs/grpc-core-1.60.0.jar;libs/grpc-protobuf-1.60.0.jar;libs/grpc-stub-1.60.0.jar;libs/gson-2.10.1.jar;libs/guava-32.1.2-jre.jar;libs/jackson-core-2.17.2.jar;libs/jakarta.activation-2.0.1.jar;libs/jakarta.mail-2.0.1.jar;libs/jbcrypt-0.4.jar;libs/opencensus-api-0.28.0.jar;libs/opencensus-contrib-http-util-0.28.0.jar;libs/slf4j-api-2.0.9.jar;libs/slf4j-simple-2.0.9.jar;libs/sqlite-jdbc-3.44.1.0.jar
✓ System Look and Feel set successfully
✓ System properties set
✓ Gson library test successful
✓ Data directory ensured
✓ Using JSON file system for data storage
✓ Users loaded
✓ User data loaded
✓ Password reset store initialized
✓ Modern theme system initialized
✓ Launching dashboard for saved user: malik.g.jones0415
✓ Application startup completed successfully
=== GradeRise Startup Debug Log ===
Timestamp: Sun Nov 16 13:20:04 EST 2025
Java Version: 25.0.1
Working Directory: C:\Users\malik\OneDrive\Desktop\GPAManagerApp
Classpath: .;libs/commons-logging-1.2.jar;libs/google-api-client-1.34.1.jar;libs/google-api-services-oauth2-v2-rev157-1.25.0.jar;libs/google-http-client-1.43.3.jar;libs/google-http-client-gson-1.43.3.jar;libs/google-http-client-jackson2-1.43.3.jar;libs/google-oauth-client-1.34.1.jar;libs/google-oauth-client-java6-1.34.1.jar;libs/google-oauth-client-jetty-1.34.1.jar;libs/grpc-api-1.60.0.jar;libs/grpc-context-1.60.0.jar;libs/grpc-core-1.60.0.jar;libs/grpc-protobuf-1.60.0.jar;libs/grpc-stub-1.60.0.jar;libs/gson-2.10.1.jar;libs/guava-32.1.2-jre.jar;libs/jackson-core-2.17.2.jar;libs/jakarta.activation-2.0.1.jar;libs/jakarta.mail-2.0.1.jar;libs/jbcrypt-0.4.jar;libs/opencensus-api-0.28.0.jar;libs/opencensus-contrib-http-util-0.28.0.jar;libs/slf4j-api-2.0.9.jar;libs/slf4j-simple-2.0.9.jar;libs/sqlite-jdbc-3.44.1.0.jar
✓ System Look and Feel set successfully
✓ System properties set
✓ Gson library test successful
✓ Data directory ensured
✓ Using JSON file system for data storage
✓ Users loaded
✓ User data loaded
✓ Password reset store initialized
✓ Modern theme system initialized
✓ Launching dashboard for saved user: malik.g.jones0415
✓ Application startup completed successfully
=== GradeRise Startup Debug Log ===
Timestamp: Sun Nov 16 13:36:25 EST 2025
Java Version: 25.0.1
Working Directory: C:\Users\malik\OneDrive\Desktop\GPAManagerApp
Classpath: .;libs/commons-logging-1.2.jar;libs/google-api-client-1.34.1.jar;libs/google-api-services-oauth2-v2-rev157-1.25.0.jar;libs/google-http-client-1.43.3.jar;libs/google-http-client-gson-1.43.3.jar;libs/google-http-client-jackson2-1.43.3.jar;libs/google-oauth-client-1.34.1.jar;libs/google-oauth-client-java6-1.34.1.jar;libs/google-oauth-client-jetty-1.34.1.jar;libs/grpc-api-1.60.0.jar;libs/grpc-context-1.60.0.jar;libs/grpc-core-1.60.0.jar;libs/grpc-protobuf-1.60.0.jar;libs/grpc-stub-1.60.0.jar;libs/gson-2.10.1.jar;libs/guava-32.1.2-jre.jar;libs/jackson-core-2.17.2.jar;libs/jakarta.activation-2.0.1.jar;libs/jakarta.mail-2.0.1.jar;libs/jbcrypt-0.4.jar;libs/opencensus-api-0.28.0.jar;libs/opencensus-contrib-http-util-0.28.0.jar;libs/slf4j-api-2.0.9.jar;libs/slf4j-simple-2.0.9.jar;libs/sqlite-jdbc-3.44.1.0.jar
✓ System Look and Feel set successfully
✓ System properties set
✓ Gson library test successful
✓ Data directory ensured
✓ Using JSON file system for data storage
✓ Users loaded
✓ User data loaded
✓ Password reset store initialized
✓ Modern theme system initialized
✓ Launching dashboard for saved user: malik.g.jones0415
✓ Application startup completed successfully
=== GradeRise Startup Debug Log ===
Timestamp: Sun Nov 16 13:45:57 EST 2025
Java Version: 25.0.1
Working Directory: C:\Users\malik\OneDrive\Desktop\GPAManagerApp
Classpath: .;libs/commons-logging-1.2.jar;libs/google-api-client-1.34.1.jar;libs/google-api-services-oauth2-v2-rev157-1.25.0.jar;libs/google-http-client-1.43.3.jar;libs/google-http-client-gson-1.43.3.jar;libs/google-http-client-jackson2-1.43.3.jar;libs/google-oauth-client-1.34.1.jar;libs/google-oauth-client-java6-1.34.1.jar;libs/google-oauth-client-jetty-1.34.1.jar;libs/grpc-api-1.60.0.jar;libs/grpc-context-1.60.0.jar;libs/grpc-core-1.60.0.jar;libs/grpc-protobuf-1.60.0.jar;libs/grpc-stub-1.60.0.jar;libs/gson-2.10.1.jar;libs/guava-32.1.2-jre.jar;libs/jackson-core-2.17.2.jar;libs/jakarta.activation-2.0.1.jar;libs/jakarta.mail-2.0.1.jar;libs/jbcrypt-0.4.jar;libs/opencensus-api-0.28.0.jar;libs/opencensus-contrib-http-util-0.28.0.jar;libs/slf4j-api-2.0.9.jar;libs/slf4j-simple-2.0.9.jar;libs/sqlite-jdbc-3.44.1.0.jar
✓ System Look and Feel set successfully
✓ System properties set
✓ Gson library test successful
✓ Data directory ensured
✓ Using JSON file system for data storage
✓ Users loaded
✓ User data loaded
✓ Password reset store initialized
✓ UIManager properties set for dialogs
✓ Modern theme system initialized
✓ Launching dashboard for saved user: malik.g.jones0415
✓ Application startup completed successfully
=== GradeRise Startup Debug Log ===
Timestamp: Sun Nov 16 13:51:57 EST 2025
Java Version: 25.0.1
Working Directory: C:\Users\malik\OneDrive\Desktop\GPAManagerApp
Classpath: .;libs/commons-logging-1.2.jar;libs/google-api-client-1.34.1.jar;libs/google-api-services-oauth2-v2-rev157-1.25.0.jar;libs/google-http-client-1.43.3.jar;libs/google-http-client-gson-1.43.3.jar;libs/google-http-client-jackson2-1.43.3.jar;libs/google-oauth-client-1.34.1.jar;libs/google-oauth-client-java6-1.34.1.jar;libs/google-oauth-client-jetty-1.34.1.jar;libs/grpc-api-1.60.0.jar;libs/grpc-context-1.60.0.jar;libs/grpc-core-1.60.0.jar;libs/grpc-protobuf-1.60.0.jar;libs/grpc-stub-1.60.0.jar;libs/gson-2.10.1.jar;libs/guava-32.1.2-jre.jar;libs/jackson-core-2.17.2.jar;libs/jakarta.activation-2.0.1.jar;libs/jakarta.mail-2.0.1.jar;libs/jbcrypt-0.4.jar;libs/opencensus-api-0.28.0.jar;libs/opencensus-contrib-http-util-0.28.0.jar;libs/slf4j-api-2.0.9.jar;libs/slf4j-simple-2.0.9.jar;libs/sqlite-jdbc-3.44.1.0.jar
✓ System Look and Feel set successfully
✓ System properties set
✓ Gson library test successful
✓ Data directory ensured
✓ Using JSON file system for data storage
✓ Users loaded
✓ User data loaded
✓ Password reset store initialized
✓ UIManager properties set for dialogs
✓ Modern theme system initialized
✓ Launching dashboard for saved user: malik.g.jones0415
✓ Application startup completed successfully
=== GradeRise Startup Debug Log ===
Timestamp: Sun Nov 16 14:07:45 EST 2025
Java Version: 25.0.1
Working Directory: C:\Users\malik\OneDrive\Desktop\GPAManagerApp
Classpath: .;libs/commons-logging-1.2.jar;libs/google-api-client-1.34.1.jar;libs/google-api-services-oauth2-v2-rev157-1.25.0.jar;libs/google-http-client-1.43.3.jar;libs/google-http-client-gson-1.43.3.jar;libs/google-http-client-jackson2-1.43.3.jar;libs/google-oauth-client-1.34.1.jar;libs/google-oauth-client-java6-1.34.1.jar;libs/google-oauth-client-jetty-1.34.1.jar;libs/grpc-api-1.60.0.jar;libs/grpc-context-1.60.0.jar;libs/grpc-core-1.60.0.jar;libs/grpc-protobuf-1.60.0.jar;libs/grpc-stub-1.60.0.jar;libs/gson-2.10.1.jar;libs/guava-32.1.2-jre.jar;libs/jackson-core-2.17.2.jar;libs/jakarta.activation-2.0.1.jar;libs/jakarta.mail-2.0.1.jar;libs/jbcrypt-0.4.jar;libs/opencensus-api-0.28.0.jar;libs/opencensus-contrib-http-util-0.28.0.jar;libs/slf4j-api-2.0.9.jar;libs/slf4j-simple-2.0.9.jar;libs/sqlite-jdbc-3.44.1.0.jar
✓ System Look and Feel set successfully
✓ Dark text colors set for all UI components
✓ System properties set
✓ Gson library test successful
✓ Data directory ensured
✓ Using JSON file system for data storage
✓ Users loaded
✓ User data loaded
✓ Password reset store initialized
✓ UIManager properties set for dialogs
✓ Modern theme system initialized
✓ Launching dashboard for saved user: malik.g.jones0415
✓ Application startup completed successfully
=== GradeRise Startup Debug Log ===
Timestamp: Sun Nov 16 14:18:02 EST 2025
Java Version: 25.0.1
Working Directory: C:\Users\malik\OneDrive\Desktop\GPAManagerApp
Classpath: .;libs/commons-logging-1.2.jar;libs/google-api-client-1.34.1.jar;libs/google-api-services-oauth2-v2-rev157-1.25.0.jar;libs/google-http-client-1.43.3.jar;libs/google-http-client-gson-1.43.3.jar;libs/google-http-client-jackson2-1.43.3.jar;libs/google-oauth-client-1.34.1.jar;libs/google-oauth-client-java6-1.34.1.jar;libs/google-oauth-client-jetty-1.34.1.jar;libs/grpc-api-1.60.0.jar;libs/grpc-context-1.60.0.jar;libs/grpc-core-1.60.0.jar;libs/grpc-protobuf-1.60.0.jar;libs/grpc-stub-1.60.0.jar;libs/gson-2.10.1.jar;libs/guava-32.1.2-jre.jar;libs/jackson-core-2.17.2.jar;libs/jakarta.activation-2.0.1.jar;libs/jakarta.mail-2.0.1.jar;libs/jbcrypt-0.4.jar;libs/opencensus-api-0.28.0.jar;libs/opencensus-contrib-http-util-0.28.0.jar;libs/slf4j-api-2.0.9.jar;libs/slf4j-simple-2.0.9.jar;libs/sqlite-jdbc-3.44.1.0.jar
✓ System Look and Feel set successfully
✓ Dark text colors set for all UI components
✓ System properties set
✓ Gson library test successful
✓ Data directory ensured
✓ Using JSON file system for data storage
✓ Users loaded
✓ User data loaded
✓ Password reset store initialized
✓ UIManager properties set for dialogs
✓ Modern theme system initialized
✓ Launching dashboard for saved user: malik.g.jones0415
✓ Application startup completed successfully
=== GradeRise Startup Debug Log ===
Timestamp: Sun Nov 16 14:32:58 EST 2025
Java Version: 25.0.1
Working Directory: C:\Users\malik\OneDrive\Desktop\GPAManagerApp
Classpath: .;libs/commons-logging-1.2.jar;libs/google-api-client-1.34.1.jar;libs/google-api-services-oauth2-v2-rev157-1.25.0.jar;libs/google-http-client-1.43.3.jar;libs/google-http-client-gson-1.43.3.jar;libs/google-http-client-jackson2-1.43.3.jar;libs/google-oauth-client-1.34.1.jar;libs/google-oauth-client-java6-1.34.1.jar;libs/google-oauth-client-jetty-1.34.1.jar;libs/grpc-api-1.60.0.jar;libs/grpc-context-1.60.0.jar;libs/grpc-core-1.60.0.jar;libs/grpc-protobuf-1.60.0.jar;libs/grpc-stub-1.60.0.jar;libs/gson-2.10.1.jar;libs/guava-32.1.2-jre.jar;libs/jackson-core-2.17.2.jar;libs/jakarta.activation-2.0.1.jar;libs/jakarta.mail-2.0.1.jar;libs/jbcrypt-0.4.jar;libs/opencensus-api-0.28.0.jar;libs/opencensus-contrib-http-util-0.28.0.jar;libs/slf4j-api-2.0.9.jar;libs/slf4j-simple-2.0.9.jar;libs/sqlite-jdbc-3.44.1.0.jar
✓ System Look and Feel set successfully
✓ Dark text colors set for all UI components
✓ System properties set
✓ Gson library test successful
✓ Data directory ensured
✓ Using JSON file system for data storage
✓ Users loaded
✓ User data loaded
✓ Password reset store initialized
✓ UIManager properties set for dialogs
✓ Modern theme system initialized
✓ Launching dashboard for saved user: malik.g.jones0415
✓ Application startup completed successfully
=== GradeRise Startup Debug Log ===
Timestamp: Sun Nov 16 14:35:22 EST 2025
Java Version: 25.0.1
Working Directory: C:\Users\malik\OneDrive\Desktop\GPAManagerApp
Classpath: .;libs/commons-logging-1.2.jar;libs/google-api-client-1.34.1.jar;libs/google-api-services-oauth2-v2-rev157-1.25.0.jar;libs/google-http-client-1.43.3.jar;libs/google-http-client-gson-1.43.3.jar;libs/google-http-client-jackson2-1.43.3.jar;libs/google-oauth-client-1.34.1.jar;libs/google-oauth-client-java6-1.34.1.jar;libs/google-oauth-client-jetty-1.34.1.jar;libs/grpc-api-1.60.0.jar;libs/grpc-context-1.60.0.jar;libs/grpc-core-1.60.0.jar;libs/grpc-protobuf-1.60.0.jar;libs/grpc-stub-1.60.0.jar;libs/gson-2.10.1.jar;libs/guava-32.1.2-jre.jar;libs/jackson-core-2.17.2.jar;libs/jakarta.activation-2.0.1.jar;libs/jakarta.mail-2.0.1.jar;libs/jbcrypt-0.4.jar;libs/opencensus-api-0.28.0.jar;libs/opencensus-contrib-http-util-0.28.0.jar;libs/slf4j-api-2.0.9.jar;libs/slf4j-simple-2.0.9.jar;libs/sqlite-jdbc-3.44.1.0.jar
✓ System Look and Feel set successfully
✓ Dark text colors set for all UI components
✓ System properties set
✓ Gson library test successful
✓ Data directory ensured
✓ Using JSON file system for data storage
✓ Users loaded
✓ User data loaded
✓ Password reset store initialized
✓ UIManager properties set for dialogs
✓ Modern theme system initialized
✓ Launching dashboard for saved user: malik.g.jones0415
✓ Application startup completed successfully
=== GradeRise Startup Debug Log ===
Timestamp: Sun Nov 16 14:42:33 EST 2025
Java Version: 25.0.1
Working Directory: C:\Users\malik\OneDrive\Desktop\GPAManagerApp
Classpath: .;libs/commons-logging-1.2.jar;libs/google-api-client-1.34.1.jar;libs/google-api-services-oauth2-v2-rev157-1.25.0.jar;libs/google-http-client-1.43.3.jar;libs/google-http-client-gson-1.43.3.jar;libs/google-http-client-jackson2-1.43.3.jar;libs/google-oauth-client-1.34.1.jar;libs/google-oauth-client-java6-1.34.1.jar;libs/google-oauth-client-jetty-1.34.1.jar;libs/grpc-api-1.60.0.jar;libs/grpc-context-1.60.0.jar;libs/grpc-core-1.60.0.jar;libs/grpc-protobuf-1.60.0.jar;libs/grpc-stub-1.60.0.jar;libs/gson-2.10.1.jar;libs/guava-32.1.2-jre.jar;libs/jackson-core-2.17.2.jar;libs/jakarta.activation-2.0.1.jar;libs/jakarta.mail-2.0.1.jar;libs/jbcrypt-0.4.jar;libs/opencensus-api-0.28.0.jar;libs/opencensus-contrib-http-util-0.28.0.jar;libs/slf4j-api-2.0.9.jar;libs/slf4j-simple-2.0.9.jar;libs/sqlite-jdbc-3.44.1.0.jar
✓ System Look and Feel set successfully
✓ Dark text colors set for all UI components
✓ System properties set
✓ Gson library test successful
✓ Data directory ensured
✓ Using JSON file system for data storage
✓ Users loaded
✓ User data loaded
✓ Password reset store initialized
✓ UIManager properties set for dialogs
✓ Modern theme system initialized
✓ Launching dashboard for saved user: malik.g.jones0415
✓ Application startup completed successfully
=== GradeRise Startup Debug Log ===
Timestamp: Sun Nov 16 14:50:45 EST 2025
Java Version: 25.0.1
Working Directory: C:\Users\malik\OneDrive\Desktop\GPAManagerApp
Classpath: .;libs/commons-logging-1.2.jar;libs/google-api-client-1.34.1.jar;libs/google-api-services-oauth2-v2-rev157-1.25.0.jar;libs/google-http-client-1.43.3.jar;libs/google-http-client-gson-1.43.3.jar;libs/google-http-client-jackson2-1.43.3.jar;libs/google-oauth-client-1.34.1.jar;libs/google-oauth-client-java6-1.34.1.jar;libs/google-oauth-client-jetty-1.34.1.jar;libs/grpc-api-1.60.0.jar;libs/grpc-context-1.60.0.jar;libs/grpc-core-1.60.0.jar;libs/grpc-protobuf-1.60.0.jar;libs/grpc-stub-1.60.0.jar;libs/gson-2.10.1.jar;libs/guava-32.1.2-jre.jar;libs/jackson-core-2.17.2.jar;libs/jakarta.activation-2.0.1.jar;libs/jakarta.mail-2.0.1.jar;libs/jbcrypt-0.4.jar;libs/opencensus-api-0.28.0.jar;libs/opencensus-contrib-http-util-0.28.0.jar;libs/slf4j-api-2.0.9.jar;libs/slf4j-simple-2.0.9.jar;libs/sqlite-jdbc-3.44.1.0.jar
✓ System Look and Feel set successfully
✓ Dark text colors set for all UI components
✓ System properties set
✓ Gson library test successful
✓ Data directory ensured
✓ Using JSON file system for data storage
✓ Users loaded
✓ User data loaded
✓ Password reset store initialized
✓ UIManager properties set for dialogs
✓ Modern theme system initialized
✓ Launching dashboard for saved user: malik.g.jones0415
✓ Application startup completed successfully
=== GradeRise Startup Debug Log ===
Timestamp: Sun Nov 16 17:45:39 EST 2025
Java Version: 25.0.1
Working Directory: C:\Users\malik\OneDrive\Desktop\GPAManagerApp
Classpath: graderise2.0.jar
✓ System Look and Feel set successfully
✓ Dark text colors set for all UI components
✓ System properties set
✓ Gson library test successful
✓ Data directory ensured
✓ Using JSON file system for data storage
✓ Users loaded
✓ User data loaded
✓ Password reset store initialized
✓ UIManager properties set for dialogs
✓ Modern theme system initialized
✓ Launching dashboard for saved user: malik.g.jones0415
✓ Application startup completed successfully
=== GradeRise Startup Debug Log ===
Timestamp: Sun Nov 16 17:49:04 EST 2025
Java Version: 25.0.1
Working Directory: C:\Users\malik\OneDrive\Desktop\GPAManagerApp
Classpath: graderise2.0.jar
✓ System Look and Feel set successfully
✓ Dark text colors set for all UI components
✓ System properties set
✓ Gson library test successful
✓ Data directory ensured
✓ Using JSON file system for data storage
✓ Users loaded
✓ User data loaded
✓ Password reset store initialized
✓ UIManager properties set for dialogs
✓ Modern theme system initialized
✓ Launching dashboard for saved user: malik.g.jones0415
✓ Application startup completed successfully
=== GradeRise Startup Debug Log ===
Timestamp: Sun Nov 16 19:35:14 EST 2025
Java Version: 25.0.1
Working Directory: C:\Users\malik\OneDrive\Desktop\GPAManagerApp
Classpath: graderise2.0.jar
✓ System Look and Feel set successfully
✓ Dark text colors set for all UI components
✓ System properties set
✓ Gson library test successful
✓ Data directory ensured
✓ Using JSON file system for data storage
✓ Users loaded
✓ User data loaded
✓ Password reset store initialized
✓ UIManager properties set for dialogs
✓ Modern theme system initialized
✓ Launching dashboard for saved user: malik.g.jones0415
✓ Application startup completed successfully
